2026-01-16 01:00:10,718 - adcp_recorder.serial.producer - ERROR - Reconnection failed, waiting before retry
2026-01-16 01:00:15,719 - adcp_recorder.serial.producer - WARNING - Not connected, attempting reconnection...
2026-01-16 01:00:22,721 - adcp_recorder.serial.producer - ERROR - Reconnection failed, waiting before retry
2026-01-16 01:00:27,721 - adcp_recorder.serial.producer - WARNING - Not connected, attempting reconnection...
2026-01-16 01:00:33,048 - __main__ - INFO - Received signal SIGINT, initiating shutdown...
2026-01-16 01:00:33,800 - __main__ - INFO - Service shutting down...
2026-01-16 01:00:33,800 - adcp_recorder.core.recorder - INFO - Stopping ADCP Recorder...
2026-01-16 01:00:34,725 - adcp_recorder.serial.producer - ERROR - Reconnection failed, waiting before retry
2026-01-16 01:00:38,804 - adcp_recorder.serial.producer - INFO - Serial producer stopped
2026-01-16 01:00:39,385 - adcp_recorder.serial.consumer - INFO - Consumer loop exiting
2026-01-16 01:00:39,386 - adcp_recorder.serial.consumer - INFO - Serial consumer stopped
2026-01-16 01:00:39,726 - adcp_recorder.serial.producer - INFO - Producer read loop exiting
2026-01-16 01:00:39,886 - adcp_recorder.core.recorder - INFO - Recorder stopped
2026-01-16 01:00:39,901 - __main__ - INFO - Service stopped.
2026-01-16 01:02:45,787 - __main__ - INFO - Service supervisor starting...
2026-01-16 01:02:45,787 - adcp_recorder.core.recorder - INFO - Starting ADCP Recorder...
2026-01-16 01:02:45,787 - adcp_recorder.serial.producer - INFO - Producer read loop starting
2026-01-16 01:02:45,787 - adcp_recorder.serial.producer - WARNING - Not connected, attempting reconnection...
2026-01-16 01:02:45,787 - adcp_recorder.serial.producer - INFO - Serial producer started
2026-01-16 01:02:45,788 - adcp_recorder.serial.consumer - INFO - Consumer loop starting
2026-01-16 01:02:45,788 - adcp_recorder.serial.consumer - INFO - Serial consumer started
2026-01-16 01:02:45,788 - adcp_recorder.core.recorder - INFO - Recording started. Port: COM5, Output: C:\ADCP_Data
2026-01-16 01:31:37,873 - __main__ - INFO - Received signal SIGINT, initiating shutdown...
2026-01-16 01:31:37,877 - __main__ - INFO - Service shutting down...
2026-01-16 01:31:37,877 - adcp_recorder.core.recorder - INFO - Stopping ADCP Recorder...
2026-01-16 01:31:38,810 - adcp_recorder.serial.producer - INFO - Producer read loop exiting
2026-01-16 01:31:38,810 - adcp_recorder.serial.producer - INFO - Serial producer stopped
2026-01-16 01:31:39,766 - adcp_recorder.serial.consumer - INFO - Consumer loop exiting
2026-01-16 01:31:39,767 - adcp_recorder.serial.consumer - INFO - Serial consumer stopped
2026-01-16 01:31:40,267 - adcp_recorder.core.recorder - INFO - Recorder stopped
2026-01-16 01:31:40,410 - __main__ - INFO - Service stopped.
2026-01-16 01:33:47,321 - __main__ - INFO - Service supervisor starting...
2026-01-16 01:33:47,321 - adcp_recorder.core.recorder - INFO - Starting ADCP Recorder...
2026-01-16 01:33:47,322 - adcp_recorder.serial.producer - INFO - Producer read loop starting
2026-01-16 01:33:47,322 - adcp_recorder.serial.producer - WARNING - Not connected, attempting reconnection...
2026-01-16 01:33:47,322 - adcp_recorder.serial.producer - INFO - Serial producer started
2026-01-16 01:33:47,322 - adcp_recorder.serial.consumer - INFO - Consumer loop starting
2026-01-16 01:33:47,322 - adcp_recorder.serial.consumer - INFO - Serial consumer started
2026-01-16 01:33:47,322 - adcp_recorder.core.recorder - INFO - Recording started. Port: COM5, Output: C:\ADCP_Data
2026-01-16 04:00:54,340 - __main__ - INFO - Service supervisor starting...
2026-01-16 04:00:54,340 - adcp_recorder.core.recorder - INFO - Starting ADCP Recorder...
2026-01-16 04:00:54,340 - adcp_recorder.serial.producer - INFO - Producer read loop starting
2026-01-16 04:00:54,341 - adcp_recorder.serial.producer - WARNING - Not connected, attempting reconnection...
2026-01-16 04:00:54,341 - adcp_recorder.serial.producer - INFO - Serial producer started
2026-01-16 04:00:54,341 - adcp_recorder.serial.consumer - INFO - Consumer loop starting
2026-01-16 04:00:54,341 - adcp_recorder.serial.consumer - INFO - Serial consumer started
2026-01-16 04:00:54,341 - adcp_recorder.core.recorder - INFO - Recording started. Port: COM5, Output: C:\ADCP_Data
2026-01-16 04:02:42,778 - __main__ - INFO - Service supervisor starting...
2026-01-16 04:02:42,778 - adcp_recorder.core.recorder - INFO - Starting ADCP Recorder...
2026-01-16 04:02:42,778 - adcp_recorder.serial.producer - INFO - Producer read loop starting
2026-01-16 04:02:42,779 - adcp_recorder.serial.producer - WARNING - Not connected, attempting reconnection...
2026-01-16 04:02:42,779 - adcp_recorder.serial.producer - INFO - Serial producer started
2026-01-16 04:02:42,779 - adcp_recorder.serial.consumer - INFO - Consumer loop starting
2026-01-16 04:02:42,779 - adcp_recorder.serial.consumer - INFO - Serial consumer started
2026-01-16 04:02:42,779 - adcp_recorder.core.recorder - INFO - Recording started. Port: COM5, Output: C:\ADCP_Data
2026-01-16 04:02:42,827 - adcp_recorder.serial.producer - WARNING - Binary data detected: b'&\x13I\x93S\x93\t\x13i\x14\xc9\x93\x13\xc9\xd3\x13\xc9\xd3\x13\xc9\x93\x13i\xd3\x13iS\x13I\x13b\x9a\x92R\x9a\n'
2026-01-16 04:02:43,299 - adcp_recorder.serial.producer - WARNING - Binary data detected: b'\xd5\xa4\x88\t\x95\xeaJ\xd5\x14\tSS&\x93&\x13\t\x13\x13&\xa6&\x13I\x13\xa9i\x93\x93\xe9\xd3\x13\xa9i\x93\x93\xe9\xd3\x13\xa9i\x93\x93\xe9\xd3\x13\xa9i\x93\x93'
2026-01-16 04:02:44,597 - adcp_recorder.serial.producer - WARNING - Binary data detected: b'\xd5\xa4\x88\t\x95\xeaJ\xd5\x14\tSS&\x93&\x13\t\x13\x13&\xa6&\x13\xe9\x13\xa9i\x93\x93\xe9\xd3\x13\xa9i\x93\x93\xe9\xd3\x13\xa9i\x93\x93\xe9\xd3\x13\xa9i\x93\x93'
2026-01-16 04:03:42,644 - adcp_recorder.serial.consumer - INFO - Binary blob saved to C:\ADCP_Data\errors_binary\20260116_030243_bin_001.dat
2026-01-16 10:25:23,270 - __main__ - INFO - Received signal SIGINT, initiating shutdown...
2026-01-16 10:25:24,046 - __main__ - INFO - Service shutting down...
2026-01-16 10:25:24,047 - adcp_recorder.core.recorder - INFO - Stopping ADCP Recorder...
2026-01-16 10:25:24,744 - adcp_recorder.serial.producer - INFO - Producer read loop exiting
2026-01-16 10:25:24,744 - adcp_recorder.serial.producer - INFO - Serial producer stopped
2026-01-16 10:25:25,746 - adcp_recorder.serial.consumer - INFO - Consumer loop exiting
2026-01-16 10:25:25,746 - adcp_recorder.serial.consumer - INFO - Serial consumer stopped
2026-01-16 10:25:26,247 - adcp_recorder.core.recorder - INFO - Recorder stopped
2026-01-16 10:25:26,426 - __main__ - INFO - Service stopped.
2026-01-16 10:31:12,390 - __main__ - INFO - Service supervisor starting...
2026-01-16 10:31:12,390 - adcp_recorder.core.recorder - INFO - Starting ADCP Recorder...
2026-01-16 10:31:12,390 - adcp_recorder.serial.producer - INFO - Producer read loop starting
2026-01-16 10:31:12,391 - adcp_recorder.serial.producer - WARNING - Not connected, attempting reconnection...
2026-01-16 10:31:12,391 - adcp_recorder.serial.producer - INFO - Serial producer started
2026-01-16 10:31:12,391 - adcp_recorder.serial.consumer - INFO - Consumer loop starting
2026-01-16 10:31:12,391 - adcp_recorder.serial.consumer - INFO - Serial consumer started
2026-01-16 10:31:12,391 - adcp_recorder.core.recorder - INFO - Recording started. Port: COM5, Output: C:\ADCP_Data
2026-01-16 11:11:44,719 - __main__ - INFO - Received signal SIGINT, initiating shutdown...
2026-01-16 11:11:44,807 - __main__ - INFO - Service shutting down...
2026-01-16 11:11:44,807 - adcp_recorder.core.recorder - INFO - Stopping ADCP Recorder...
2026-01-16 11:11:45,251 - adcp_recorder.serial.producer - INFO - Producer read loop exiting
2026-01-16 11:11:45,252 - adcp_recorder.serial.producer - INFO - Serial producer stopped
2026-01-16 11:11:46,258 - adcp_recorder.serial.consumer - INFO - Consumer loop exiting
2026-01-16 11:11:46,259 - adcp_recorder.serial.consumer - INFO - Serial consumer stopped
2026-01-16 11:11:46,760 - adcp_recorder.core.recorder - INFO - Recorder stopped
2026-01-16 11:11:46,903 - __main__ - INFO - Service stopped.
